


Time: 2018-03-15 18:02:59 
118890.1560.r90  nbRun=True IOL=True 

Time: 2018-03-15 18:03:12 
118890.1560.r90  nbRun=True IOL=True 
C:\Users\Jonathan\Anaconda2\lib\site-packages\scipy\interpolate\fitpack2.py:226: UserWarning: 
A theoretically impossible result was found during the iteration
process for finding a smoothing spline with fp = s: s too small.
There is an approximation returned but the corresponding weighted sum
of squared residuals does not satisfy the condition abs(fp-s)/s < tol.
  warnings.warn(message)
C:\Users\Jonathan\Anaconda2\lib\site-packages\scipy\interpolate\fitpack2.py:226: UserWarning: 
A theoretically impossible result was found during the iteration
process for finding a smoothing spline with fp = s: s too small.
There is an approximation returned but the corresponding weighted sum
of squared residuals does not satisfy the condition abs(fp-s)/s < tol.
  warnings.warn(message)
C:\Users\Jonathan\Anaconda2\lib\site-packages\scipy\interpolate\fitpack2.py:226: UserWarning: 
A theoretically impossible result was found during the iteration
process for finding a smoothing spline with fp = s: s too small.
There is an approximation returned but the corresponding weighted sum
of squared residuals does not satisfy the condition abs(fp-s)/s < tol.
  warnings.warn(message)
C:\cygwin64\home\Jonathan\GTEDGE2\newer\MaxPlasma\getexp.py:91: RuntimeWarning: invalid value encountered in divide
  lim_angles = np.arccos(adotb/(mag_a*mag_b))/pi
C:\cygwin64\home\Jonathan\GTEDGE2\newer\MaxPlasma\getexp.py:91: RuntimeWarning: invalid value encountered in arccos
  lim_angles = np.arccos(adotb/(mag_a*mag_b))/pi
C:\cygwin64\home\Jonathan\GTEDGE2\newer\MaxPlasma\background.py:150: RuntimeWarning: invalid value encountered in divide
  B_p_bar = mu_0 * I / L_r
C:\cygwin64\home\Jonathan\GTEDGE2\newer\MaxPlasma\background.py:154: RuntimeWarning: invalid value encountered in divide
  li = (np.cumsum(B_p_bar**2 * diff_vol, axis=0) / vol) / (2*B_p_bar**2)
C:\cygwin64\home\Jonathan\GTEDGE2\newer\MaxPlasma\background.py:158: RuntimeWarning: invalid value encountered in divide
  beta_p = 2*mu_0*(np.cumsum(self.pressure*diff_vol,axis=0)/vol-self.pressure) / B_p_bar**2
C:\cygwin64\home\Jonathan\GTEDGE2\newer\MaxPlasma\background.py:190: RuntimeWarning: invalid value encountered in divide
  abs_grad_r = np.sqrt(dZ_dtheta**2 + dR_dtheta**2) / np.abs(dR_dr*dZ_dtheta - dR_dtheta*dZ_dr)
C:\cygwin64\home\Jonathan\GTEDGE2\newer\MaxPlasma\background.py:199: RuntimeWarning: divide by zero encountered in divide
  q = p.B_phi_0*self.R[0,0] / (2*pi*B_p_bar) * np.tile(np.sum(L_seg/self.R**2,axis=1), (thetapts, 1)).T #Equation 16 in the miller paper. The last term is how I'm doing a flux surface average
C:\cygwin64\home\Jonathan\GTEDGE2\newer\MaxPlasma\background.py:199: RuntimeWarning: invalid value encountered in multiply
  q = p.B_phi_0*self.R[0,0] / (2*pi*B_p_bar) * np.tile(np.sum(L_seg/self.R**2,axis=1), (thetapts, 1)).T #Equation 16 in the miller paper. The last term is how I'm doing a flux surface average
C:\cygwin64\home\Jonathan\GTEDGE2\newer\MaxPlasma\thermaliol.py:89: RuntimeWarning: invalid value encountered in sqrt
  v_sep_1 = (-b + np.sqrt(b**2 - 4*a*c))/(2*a)
C:\cygwin64\home\Jonathan\GTEDGE2\newer\MaxPlasma\thermaliol.py:89: RuntimeWarning: invalid value encountered in divide
  v_sep_1 = (-b + np.sqrt(b**2 - 4*a*c))/(2*a)
C:\cygwin64\home\Jonathan\GTEDGE2\newer\MaxPlasma\thermaliol.py:90: RuntimeWarning: invalid value encountered in sqrt
  v_sep_2 = (-b - np.sqrt(b**2 - 4*a*c))/(2*a)
C:\cygwin64\home\Jonathan\GTEDGE2\newer\MaxPlasma\thermaliol.py:90: RuntimeWarning: invalid value encountered in divide
  v_sep_2 = (-b - np.sqrt(b**2 - 4*a*c))/(2*a)
C:\cygwin64\home\Jonathan\GTEDGE2\newer\MaxPlasma\thermaliol.py:95: RuntimeWarning: invalid value encountered in less_equal
  np.logical_or(v_sep_1<=0,np.isnan(v_sep_1)),
C:\cygwin64\home\Jonathan\GTEDGE2\newer\MaxPlasma\thermaliol.py:96: RuntimeWarning: invalid value encountered in less_equal
  np.logical_or(v_sep_2<=0,np.isnan(v_sep_2))
C:\cygwin64\home\Jonathan\GTEDGE2\newer\MaxPlasma\thermaliol.py:101: RuntimeWarning: invalid value encountered in greater
  np.logical_and(v_sep_1>0,np.logical_or(v_sep_2<=0,np.isnan(v_sep_2))),
C:\cygwin64\home\Jonathan\GTEDGE2\newer\MaxPlasma\thermaliol.py:101: RuntimeWarning: invalid value encountered in less_equal
  np.logical_and(v_sep_1>0,np.logical_or(v_sep_2<=0,np.isnan(v_sep_2))),
C:\cygwin64\home\Jonathan\GTEDGE2\newer\MaxPlasma\thermaliol.py:102: RuntimeWarning: invalid value encountered in greater
  np.logical_and(np.logical_and(v_sep_1>0,v_sep_2>0),v_sep_1<v_sep_2)
C:\cygwin64\home\Jonathan\GTEDGE2\newer\MaxPlasma\thermaliol.py:102: RuntimeWarning: invalid value encountered in greater
  np.logical_and(np.logical_and(v_sep_1>0,v_sep_2>0),v_sep_1<v_sep_2)
C:\cygwin64\home\Jonathan\GTEDGE2\newer\MaxPlasma\thermaliol.py:102: RuntimeWarning: invalid value encountered in less
  np.logical_and(np.logical_and(v_sep_1>0,v_sep_2>0),v_sep_1<v_sep_2)
C:\cygwin64\home\Jonathan\GTEDGE2\newer\MaxPlasma\thermaliol.py:107: RuntimeWarning: invalid value encountered in greater
  np.logical_and(v_sep_2>0,np.logical_or(v_sep_1<=0,np.isnan(v_sep_1))),
C:\cygwin64\home\Jonathan\GTEDGE2\newer\MaxPlasma\thermaliol.py:107: RuntimeWarning: invalid value encountered in less_equal
  np.logical_and(v_sep_2>0,np.logical_or(v_sep_1<=0,np.isnan(v_sep_1))),
C:\cygwin64\home\Jonathan\GTEDGE2\newer\MaxPlasma\thermaliol.py:108: RuntimeWarning: invalid value encountered in greater
  np.logical_and(np.logical_and(v_sep_1>0,v_sep_2>0),v_sep_2<=v_sep_1)
C:\cygwin64\home\Jonathan\GTEDGE2\newer\MaxPlasma\thermaliol.py:108: RuntimeWarning: invalid value encountered in greater
  np.logical_and(np.logical_and(v_sep_1>0,v_sep_2>0),v_sep_2<=v_sep_1)
C:\cygwin64\home\Jonathan\GTEDGE2\newer\MaxPlasma\thermaliol.py:108: RuntimeWarning: invalid value encountered in less_equal
  np.logical_and(np.logical_and(v_sep_1>0,v_sep_2>0),v_sep_2<=v_sep_1)
C:\cygwin64\home\Jonathan\GTEDGE2\newer\MaxPlasma\thermaliol.py:113: RuntimeWarning: All-NaN axis encountered
  v_sep_min = np.nanmin(np.nanmin(v_sep,axis=0),axis=2).T
C:\cygwin64\home\Jonathan\GTEDGE2\newer\MaxPlasma\thermaliol.py:113: RuntimeWarning: All-NaN axis encountered
  v_sep_min = np.nanmin(np.nanmin(v_sep,axis=0),axis=2).T
C:\cygwin64\home\Jonathan\GTEDGE2\newer\MaxPlasma\thermaliol.py:89: RuntimeWarning: invalid value encountered in sqrt
  v_sep_1 = (-b + np.sqrt(b**2 - 4*a*c))/(2*a)
C:\cygwin64\home\Jonathan\GTEDGE2\newer\MaxPlasma\thermaliol.py:89: RuntimeWarning: invalid value encountered in divide
  v_sep_1 = (-b + np.sqrt(b**2 - 4*a*c))/(2*a)
C:\cygwin64\home\Jonathan\GTEDGE2\newer\MaxPlasma\thermaliol.py:90: RuntimeWarning: invalid value encountered in sqrt
  v_sep_2 = (-b - np.sqrt(b**2 - 4*a*c))/(2*a)
C:\cygwin64\home\Jonathan\GTEDGE2\newer\MaxPlasma\thermaliol.py:90: RuntimeWarning: invalid value encountered in divide
  v_sep_2 = (-b - np.sqrt(b**2 - 4*a*c))/(2*a)
C:\cygwin64\home\Jonathan\GTEDGE2\newer\MaxPlasma\thermaliol.py:95: RuntimeWarning: invalid value encountered in less_equal
  np.logical_or(v_sep_1<=0,np.isnan(v_sep_1)),
C:\cygwin64\home\Jonathan\GTEDGE2\newer\MaxPlasma\thermaliol.py:96: RuntimeWarning: invalid value encountered in less_equal
  np.logical_or(v_sep_2<=0,np.isnan(v_sep_2))
C:\cygwin64\home\Jonathan\GTEDGE2\newer\MaxPlasma\thermaliol.py:101: RuntimeWarning: invalid value encountered in greater
  np.logical_and(v_sep_1>0,np.logical_or(v_sep_2<=0,np.isnan(v_sep_2))),
C:\cygwin64\home\Jonathan\GTEDGE2\newer\MaxPlasma\thermaliol.py:101: RuntimeWarning: invalid value encountered in less_equal
  np.logical_and(v_sep_1>0,np.logical_or(v_sep_2<=0,np.isnan(v_sep_2))),
C:\cygwin64\home\Jonathan\GTEDGE2\newer\MaxPlasma\thermaliol.py:102: RuntimeWarning: invalid value encountered in greater
  np.logical_and(np.logical_and(v_sep_1>0,v_sep_2>0),v_sep_1<v_sep_2)
C:\cygwin64\home\Jonathan\GTEDGE2\newer\MaxPlasma\thermaliol.py:102: RuntimeWarning: invalid value encountered in greater
  np.logical_and(np.logical_and(v_sep_1>0,v_sep_2>0),v_sep_1<v_sep_2)
C:\cygwin64\home\Jonathan\GTEDGE2\newer\MaxPlasma\thermaliol.py:102: RuntimeWarning: invalid value encountered in less
  np.logical_and(np.logical_and(v_sep_1>0,v_sep_2>0),v_sep_1<v_sep_2)
C:\cygwin64\home\Jonathan\GTEDGE2\newer\MaxPlasma\thermaliol.py:107: RuntimeWarning: invalid value encountered in greater
  np.logical_and(v_sep_2>0,np.logical_or(v_sep_1<=0,np.isnan(v_sep_1))),
C:\cygwin64\home\Jonathan\GTEDGE2\newer\MaxPlasma\thermaliol.py:107: RuntimeWarning: invalid value encountered in less_equal
  np.logical_and(v_sep_2>0,np.logical_or(v_sep_1<=0,np.isnan(v_sep_1))),
C:\cygwin64\home\Jonathan\GTEDGE2\newer\MaxPlasma\thermaliol.py:108: RuntimeWarning: invalid value encountered in greater
  np.logical_and(np.logical_and(v_sep_1>0,v_sep_2>0),v_sep_2<=v_sep_1)
C:\cygwin64\home\Jonathan\GTEDGE2\newer\MaxPlasma\thermaliol.py:108: RuntimeWarning: invalid value encountered in greater
  np.logical_and(np.logical_and(v_sep_1>0,v_sep_2>0),v_sep_2<=v_sep_1)
C:\cygwin64\home\Jonathan\GTEDGE2\newer\MaxPlasma\thermaliol.py:108: RuntimeWarning: invalid value encountered in less_equal
  np.logical_and(np.logical_and(v_sep_1>0,v_sep_2>0),v_sep_2<=v_sep_1)
C:\cygwin64\home\Jonathan\GTEDGE2\newer\MaxPlasma\thermaliol.py:113: RuntimeWarning: All-NaN axis encountered
  v_sep_min = np.nanmin(np.nanmin(v_sep,axis=0),axis=2).T
C:\cygwin64\home\Jonathan\GTEDGE2\newer\MaxPlasma\thermaliol.py:113: RuntimeWarning: All-NaN axis encountered
  v_sep_min = np.nanmin(np.nanmin(v_sep,axis=0),axis=2).T
C:\Users\Jonathan\Anaconda2\lib\site-packages\scipy\interpolate\fitpack2.py:226: UserWarning: 
A theoretically impossible result was found during the iteration
process for finding a smoothing spline with fp = s: s too small.
There is an approximation returned but the corresponding weighted sum
of squared residuals does not satisfy the condition abs(fp-s)/s < tol.
  warnings.warn(message)
C:\Users\Jonathan\Anaconda2\lib\site-packages\scipy\interpolate\fitpack2.py:226: UserWarning: 
A theoretically impossible result was found during the iteration
process for finding a smoothing spline with fp = s: s too small.
There is an approximation returned but the corresponding weighted sum
of squared residuals does not satisfy the condition abs(fp-s)/s < tol.
  warnings.warn(message)
C:\cygwin64\home\Jonathan\GTEDGE2\newer\lib\funcs\chi.py:84: RuntimeWarning: divide by zero encountered in double_scalars
  xnustar11=[a*abs(data.q95)*data.rmajor/b for a,b in zip(data.xnuc[0,0],data.vpolD)]
C:\cygwin64\home\Jonathan\GTEDGE2\newer\lib\funcs\chi.py:86: RuntimeWarning: invalid value encountered in double_scalars
  eff=[a/((1+a)*((ep**1.5)+a)) for a in xnustar11]
C:\cygwin64\home\Jonathan\GTEDGE2\newer\lib\funcs\chi.py:172: RuntimeWarning: divide by zero encountered in double_scalars
  xnustar11=[a*abs(data.q95)*data.rmajor/b for a,b in zip(data.xnuc[0,0],data.vpolD)]
C:\cygwin64\home\Jonathan\GTEDGE2\newer\lib\funcs\chi.py:174: RuntimeWarning: invalid value encountered in double_scalars
  eff=[a/((1+a)*((ep**1.5)+a)) for a in xnustar11]
C:\cygwin64\home\Jonathan\GTEDGE2\newer\lib\funcs\diff.py:23: RuntimeWarning: divide by zero encountered in double_scalars
  diffCoNFtemp=data.xmas1*xnuc12*xti*(1+(nudrag/xnuc12)-(1./6.))/(data.eq1*(bthet**2))
